# JRE version: Java(TM) SE Runtime Environment (8.0_241-b07) (build 1.8.0_241-b07)
# Java VM: Java HotSpot(TM) 64-Bit Server VM (25.241-b07 mixed mode windows-amd64 compressed oops)
Heap:
 PSYoungGen      total 35328K, used 6021K [0x00000000d8b80000, 0x00000000db280000, 0x0000000100000000)
  eden space 30720K, 4% used [0x00000000d8b80000,0x00000000d8ce1c08,0x00000000da980000)
  from space 4608K, 99% used [0x00000000dae00000,0x00000000db27fad0,0x00000000db280000)
  to   space 4608K, 0% used [0x00000000da980000,0x00000000da980000,0x00000000dae00000)
 ParOldGen       total 80896K, used 2346K [0x000000008a200000, 0x000000008f100000, 0x00000000d8b80000)
  object space 80896K, 2% used [0x000000008a200000,0x000000008a44aaf8,0x000000008f100000)
 Metaspace       used 13093K, capacity 13408K, committed 13568K, reserved 1060864K
  class space    used 1429K, capacity 1522K, committed 1536K, reserved 1048576K
GC Heap History (4 events):
Event: 1.424 GC heap before
{Heap before GC invocations=1 (full 0):
 PSYoungGen      total 35328K, used 30720K [0x00000000d8b80000, 0x00000000db280000, 0x0000000100000000)
  eden space 30720K, 100% used [0x00000000d8b80000,0x00000000da980000,0x00000000da980000)
  from space 4608K, 0% used [0x00000000dae00000,0x00000000dae00000,0x00000000db280000)
  to   space 4608K, 0% used [0x00000000da980000,0x00000000da980000,0x00000000dae00000)
 ParOldGen       total 80896K, used 0K [0x000000008a200000, 0x000000008f100000, 0x00000000d8b80000)
  object space 80896K, 0% used [0x000000008a200000,0x000000008a200000,0x000000008f100000)
 Metaspace       used 9546K, capacity 9844K, committed 10112K, reserved 1058816K
  class space    used 1035K, capacity 1134K, committed 1152K, reserved 1048576K
Event: 1.431 GC heap after
Heap after GC invocations=1 (full 0):
 PSYoungGen      total 35328K, used 3384K [0x00000000d8b80000, 0x00000000db280000, 0x0000000100000000)
  eden space 30720K, 0% used [0x00000000d8b80000,0x00000000d8b80000,0x00000000da980000)
  from space 4608K, 73% used [0x00000000da980000,0x00000000dacce248,0x00000000dae00000)
  to   space 4608K, 0% used [0x00000000dae00000,0x00000000dae00000,0x00000000db280000)
 ParOldGen       total 80896K, used 16K [0x000000008a200000, 0x000000008f100000, 0x00000000d8b80000)
  object space 80896K, 0% used [0x000000008a200000,0x000000008a204000,0x000000008f100000)
 Metaspace       used 9546K, capacity 9844K, committed 10112K, reserved 1058816K
  class space    used 1035K, capacity 1134K, committed 1152K, reserved 1048576K
}
Event: 3.185 GC heap before
{Heap before GC invocations=2 (full 0):
 PSYoungGen      total 35328K, used 34104K [0x00000000d8b80000, 0x00000000db280000, 0x0000000100000000)
  eden space 30720K, 100% used [0x00000000d8b80000,0x00000000da980000,0x00000000da980000)
  from space 4608K, 73% used [0x00000000da980000,0x00000000dacce248,0x00000000dae00000)
  to   space 4608K, 0% used [0x00000000dae00000,0x00000000dae00000,0x00000000db280000)
 ParOldGen       total 80896K, used 16K [0x000000008a200000, 0x000000008f100000, 0x00000000d8b80000)
  object space 80896K, 0% used [0x000000008a200000,0x000000008a204000,0x000000008f100000)
 Metaspace       used 13009K, capacity 13280K, committed 13568K, reserved 1060864K
  class space    used 1423K, capacity 1522K, committed 1536K, reserved 1048576K
Event: 3.196 GC heap after
Heap after GC invocations=2 (full 0):
 PSYoungGen      total 35328K, used 4606K [0x00000000d8b80000, 0x00000000db280000, 0x0000000100000000)
  eden space 30720K, 0% used [0x00000000d8b80000,0x00000000d8b80000,0x00000000da980000)
  from space 4608K, 99% used [0x00000000dae00000,0x00000000db27fad0,0x00000000db280000)
  to   space 4608K, 0% used [0x00000000da980000,0x00000000da980000,0x00000000dae00000)
 ParOldGen       total 80896K, used 2346K [0x000000008a200000, 0x000000008f100000, 0x00000000d8b80000)
  object space 80896K, 2% used [0x000000008a200000,0x000000008a44aaf8,0x000000008f100000)
 Metaspace       used 13009K, capacity 13280K, committed 13568K, reserved 1060864K
  class space    used 1423K, capacity 1522K, committed 1536K, reserved 1048576K
}

